<?xml version="1.0" encoding="UTF-8"?>
<testng-results ignored="0" total="1" passed="1" failed="0" skipped="0">
  <reporter-output>
  </reporter-output>
  <suite started-at="2025-07-02T19:00:55 CEST" name="Default suite" finished-at="2025-07-02T19:00:58 CEST" duration-ms="3131">
    <groups>
    </groups>
    <test started-at="2025-07-02T19:00:55 CEST" name="Default test" finished-at="2025-07-02T19:00:58 CEST" duration-ms="3131">
      <class name="loginPage.myTestcases">
        <test-method is-config="true" signature="mySetup()[pri:0, instance:loginPage.myTestcases@50ecde95]" started-at="2025-07-02T19:00:55 CEST" name="mySetup" finished-at="2025-07-02T19:00:57 CEST" duration-ms="2647" status="PASS">
          <reporter-output>
          </reporter-output>
        </test-method> <!-- mySetup -->
        <test-method signature="Signup()[pri:1, instance:loginPage.myTestcases@50ecde95]" started-at="2025-07-02T19:00:57 CEST" name="Signup" finished-at="2025-07-02T19:00:58 CEST" duration-ms="430" status="PASS">
          <reporter-output>
          </reporter-output>
        </test-method> <!-- Signup -->
      </class> <!-- loginPage.myTestcases -->
    </test> <!-- Default test -->
  </suite> <!-- Default suite -->
</testng-results>
